
> flat-earth-equipment@1.0.0 build
> next build

   ▲ Next.js 15.3.1
   - Environments: .env.local, .env.production, .env

   Creating an optimized production build ...
 ✓ Compiled successfully in 2000ms
   Linting and checking validity of types ...
   Collecting page data ...
   Generating static pages (0/5) ...
   Generating static pages (1/5) 
   Generating static pages (2/5) 
   Generating static pages (3/5) 
 ✓ Generating static pages (5/5)
   Finalizing page optimization ...
   Collecting build traces ...

Route (app)                                 Size  First Load JS
┌ ○ /                                    3.44 kB         104 kB
├ ○ /_not-found                            978 B         102 kB
├ ƒ /brand/[brand]                         145 B         101 kB
├ ○ /guide                                 145 B         101 kB
├ ƒ /parts/[...slug]                       145 B         101 kB
└ ƒ /rentals/[category]/[city]             145 B         101 kB
+ First Load JS shared by all             101 kB
  ├ chunks/4bd1b696-67ee12fb04071d3b.js  53.2 kB
  ├ chunks/684-71b0b1461a73105d.js         46 kB
  └ other shared chunks (total)          1.88 kB


ƒ Middleware                             25.2 kB

○  (Static)   prerendered as static content
ƒ  (Dynamic)  server-rendered on demand

